Compilación iniciada a las 16/12/2015 23:38:20.
     1>Proyecto "C:\Users\Laura\Documents\GitHub\PinnedMemory\PinnedMemory\PinnedMemory.vcxproj" en el nodo 2 (Build destinos).
     1>AddCudaCompileDeps:
         C:\Program Files (x86)\Microsoft Visual Studio 12.0\VC\bin\cl.exe /E /nologo /showIncludes /TP /D__CUDACC__ /DWIN32 /D_DEBUG /D_CONSOLE /D_MBCS /I"C:\Program Files\NVIDIA GPU Computing Toolkit\CUDA\v7.5\include" /I"C:\Program Files\NVIDIA GPU Computing Toolkit\CUDA\v7.5\bin" /I"C:\Program Files\NVIDIA GPU Computing Toolkit\CUDA\v7.5\include" /I. /FIcuda_runtime.h /c C:\Users\Laura\Documents\GitHub\PinnedMemory\PinnedMemory\pinnedMem.cu 
       CudaBuild:
         Compiling CUDA source file pinnedMem.cu...
         cmd.exe /C "C:\Users\Laura\AppData\Local\Temp\tmp010a7d6afecc41189d211b3d3ef16678.cmd"
         "C:\Program Files\NVIDIA GPU Computing Toolkit\CUDA\v7.5\bin\nvcc.exe" -gencode=arch=compute_20,code=\"sm_20,compute_20\" --use-local-env --cl-version 2013 -ccbin "C:\Program Files (x86)\Microsoft Visual Studio 12.0\VC\bin"  -I"C:\Program Files\NVIDIA GPU Computing Toolkit\CUDA\v7.5\include" -I"C:\Program Files\NVIDIA GPU Computing Toolkit\CUDA\v7.5\include"  -G   --keep-dir Debug -maxrregcount=0  --machine 32 --compile -cudart static  -g   -DWIN32 -D_DEBUG -D_CONSOLE -D_MBCS -Xcompiler "/EHsc /W3 /nologo /Od /Zi /RTC1 /MDd " -o Debug\pinnedMem.cu.obj "C:\Users\Laura\Documents\GitHub\PinnedMemory\PinnedMemory\pinnedMem.cu"
         
         C:\Users\Laura\Documents\GitHub\PinnedMemory\PinnedMemory>"C:\Program Files\NVIDIA GPU Computing Toolkit\CUDA\v7.5\bin\nvcc.exe" -gencode=arch=compute_20,code=\"sm_20,compute_20\" --use-local-env --cl-version 2013 -ccbin "C:\Program Files (x86)\Microsoft Visual Studio 12.0\VC\bin"  -I"C:\Program Files\NVIDIA GPU Computing Toolkit\CUDA\v7.5\include" -I"C:\Program Files\NVIDIA GPU Computing Toolkit\CUDA\v7.5\include"  -G   --keep-dir Debug -maxrregcount=0  --machine 32 --compile -cudart static  -g   -DWIN32 -D_DEBUG -D_CONSOLE -D_MBCS -Xcompiler "/EHsc /W3 /nologo /Od /Zi /RTC1 /MDd " -o Debug\pinnedMem.cu.obj "C:\Users\Laura\Documents\GitHub\PinnedMemory\PinnedMemory\pinnedMem.cu" 
     1>C:/Users/Laura/Documents/GitHub/PinnedMemory/PinnedMemory/pinnedMem.cu(36): warning : variable "status" was set but never used
     1>C:/Users/Laura/Documents/GitHub/PinnedMemory/PinnedMemory/pinnedMem.cu(36): warning : variable "status" was set but never used
         pinnedMem.cu
       Link:
         C:\Program Files (x86)\Microsoft Visual Studio 12.0\VC\bin\link.exe /ERRORREPORT:PROMPT /OUT:"C:\Users\Laura\Documents\GitHub\PinnedMemory\Debug\PinnedMemory.exe" /INCREMENTAL /NOLOGO /LIBPATH:"C:\Program Files\NVIDIA GPU Computing Toolkit\CUDA\v7.5\lib\Win32" cudart.lib kernel32.lib user32.lib gdi32.lib winspool.lib comdlg32.lib advapi32.lib shell32.lib ole32.lib oleaut32.lib uuid.lib odbc32.lib odbccp32.lib kernel32.lib user32.lib gdi32.lib winspool.lib comdlg32.lib advapi32.lib shell32.lib ole32.lib oleaut32.lib uuid.lib odbc32.lib odbccp32.lib /MANIFEST /MANIFESTUAC:"level='asInvoker' uiAccess='false'" /manifest:embed /DEBUG /PDB:"C:\Users\Laura\Documents\GitHub\PinnedMemory\Debug\PinnedMemory.pdb" /SUBSYSTEM:CONSOLE /TLBID:1 /DYNAMICBASE /NXCOMPAT /IMPLIB:"C:\Users\Laura\Documents\GitHub\PinnedMemory\Debug\PinnedMemory.lib" /MACHINE:X86 Debug\pinnedMem.cu.obj
         Debug\eTimer.obj
         PinnedMemory.vcxproj -> C:\Users\Laura\Documents\GitHub\PinnedMemory\Debug\PinnedMemory.exe
       PostBuildEvent:
         echo copy "C:\Program Files\NVIDIA GPU Computing Toolkit\CUDA\v7.5\bin\cudart*.dll" "C:\Users\Laura\Documents\GitHub\PinnedMemory\Debug\"
         copy "C:\Program Files\NVIDIA GPU Computing Toolkit\CUDA\v7.5\bin\cudart*.dll" "C:\Users\Laura\Documents\GitHub\PinnedMemory\Debug\"
         :VCEnd
         copy "C:\Program Files\NVIDIA GPU Computing Toolkit\CUDA\v7.5\bin\cudart*.dll" "C:\Users\Laura\Documents\GitHub\PinnedMemory\Debug\"
         C:\Program Files\NVIDIA GPU Computing Toolkit\CUDA\v7.5\bin\cudart32_75.dll
         C:\Program Files\NVIDIA GPU Computing Toolkit\CUDA\v7.5\bin\cudart64_75.dll
                 2 archivo(s) copiado(s).
     1>Compilación del proyecto terminada "C:\Users\Laura\Documents\GitHub\PinnedMemory\PinnedMemory\PinnedMemory.vcxproj" (Build destinos).

Compilación correcta.

Tiempo transcurrido 00:00:09.49
